{
  "RSpec": {
    "coverage": {
      "/Users/bhargavi/Turing/session4/jet_fuel/spec/controllers/urls_controller_spec.rb": [
        1,
        null,
        1,
        null,
        null
      ],
      "/Users/bhargavi/Turing/session4/jet_fuel/spec/rails_helper.rb": [
        null,
        1,
        1,
        1,
        1,
        1,
        null,
        null,
        null,
        null,
        null,
        null,
        null,
        null,
        null,
        null,
        null,
        null,
        null,
        null,
        null,
        null,
        null,
        null,
        null,
        1,
        null,
        1,
        null,
        1,
        null,
        null,
        null,
        null,
        1,
        null,
        null,
        null,
        null,
        null,
        null,
        null,
        null,
        null,
        null,
        null,
        null,
        null,
        null,
        1,
        null
      ],
      "/Users/bhargavi/Turing/session4/jet_fuel/config/environment.rb": [
        null,
        1,
        null,
        null,
        1
      ],
      "/Users/bhargavi/Turing/session4/jet_fuel/config/application.rb": [
        1,
        null,
        1,
        null,
        null,
        null,
        1,
        null,
        1,
        1,
        null,
        null,
        null,
        null,
        null,
        null,
        null,
        null,
        null,
        null,
        null,
        null,
        null,
        1,
        null,
        null
      ],
      "/Users/bhargavi/Turing/session4/jet_fuel/config/boot.rb": [
        1,
        null,
        1
      ],
      "/Users/bhargavi/Turing/session4/jet_fuel/config/environments/test.rb": [
        1,
        null,
        null,
        null,
        null,
        null,
        null,
        1,
        null,
        null,
        null,
        null,
        1,
        null,
        null,
        1,
        1,
        null,
        null,
        1,
        1,
        null,
        null,
        1,
        null,
        null,
        1,
        null,
        null,
        null,
        null,
        1,
        null,
        null,
        1,
        null,
        null,
        1,
        null,
        null,
        null,
        null
      ],
      "/Users/bhargavi/Turing/session4/jet_fuel/config/initializers/assets.rb": [
        null,
        null,
        null,
        1,
        null,
        null,
        null,
        null,
        null,
        null,
        null
      ],
      "/Users/bhargavi/Turing/session4/jet_fuel/config/initializers/backtrace_silencers.rb": [
        null,
        null,
        null,
        null,
        null,
        null,
        null
      ],
      "/Users/bhargavi/Turing/session4/jet_fuel/config/initializers/cookies_serializer.rb": [
        null,
        null,
        1
      ],
      "/Users/bhargavi/Turing/session4/jet_fuel/config/initializers/filter_parameter_logging.rb": [
        null,
        null,
        null,
        1
      ],
      "/Users/bhargavi/Turing/session4/jet_fuel/config/initializers/inflections.rb": [
        null,
        null,
        null,
        null,
        null,
        null,
        null,
        null,
        null,
        null,
        null,
        null,
        null,
        null,
        null,
        null
      ],
      "/Users/bhargavi/Turing/session4/jet_fuel/config/initializers/mime_types.rb": [
        null,
        null,
        null,
        null
      ],
      "/Users/bhargavi/Turing/session4/jet_fuel/config/initializers/session_store.rb": [
        null,
        null,
        1
      ],
      "/Users/bhargavi/Turing/session4/jet_fuel/config/initializers/wrap_parameters.rb": [
        null,
        null,
        null,
        null,
        null,
        null,
        1,
        1,
        null,
        null,
        null,
        null,
        null,
        null
      ],
      "/Users/bhargavi/Turing/session4/jet_fuel/config/routes.rb": [
        1,
        null,
        null,
        null,
        null,
        1,
        null,
        1,
        null,
        null,
        null,
        null,
        null,
        null,
        null,
        null,
        null,
        null,
        null,
        null,
        null,
        null,
        null,
        null,
        null,
        null,
        null,
        null,
        null,
        null,
        null,
        null,
        null,
        null,
        null,
        null,
        null,
        null,
        null,
        null,
        null,
        null,
        null,
        null,
        null,
        null,
        null,
        null,
        null,
        null,
        null,
        null,
        null,
        null,
        null,
        null,
        null,
        null
      ],
      "/Users/bhargavi/Turing/session4/jet_fuel/app/helpers/application_helper.rb": [
        1,
        null
      ],
      "/Users/bhargavi/Turing/session4/jet_fuel/app/helpers/urls_helper.rb": [
        1,
        null
      ],
      "/Users/bhargavi/Turing/session4/jet_fuel/app/controllers/urls_controller.rb": [
        1,
        null,
        1,
        2,
        null,
        null,
        1,
        1,
        1,
        1,
        null,
        0,
        null,
        null,
        null,
        1,
        1,
        null,
        null,
        1,
        null,
        1,
        1,
        null,
        null
      ],
      "/Users/bhargavi/Turing/session4/jet_fuel/app/controllers/application_controller.rb": [
        1,
        null,
        null,
        1,
        null
      ],
      "/Users/bhargavi/Turing/session4/jet_fuel/spec/helpers/urls_helper_spec.rb": [
        1,
        null,
        null,
        null,
        null,
        null,
        null,
        null,
        null,
        null,
        null,
        null,
        1,
        1,
        null
      ],
      "/Users/bhargavi/Turing/session4/jet_fuel/spec/integration/root_page_spec.rb": [
        1,
        null,
        1,
        1,
        null,
        1,
        1,
        null,
        1,
        null,
        null,
        1,
        1,
        1,
        1,
        1,
        1,
        null,
        null,
        null,
        null
      ],
      "/Users/bhargavi/Turing/session4/jet_fuel/spec/models/url_spec.rb": [
        1,
        null,
        1,
        1,
        null
      ],
      "/Users/bhargavi/Turing/session4/jet_fuel/app/models/url.rb": [
        1,
        1,
        null,
        1,
        1,
        null,
        null,
        null
      ],
      "/Users/bhargavi/Turing/session4/jet_fuel/app/models/codec.rb": [
        1,
        null,
        1,
        null,
        1,
        1,
        1,
        1,
        1,
        1,
        1,
        null,
        1,
        null,
        null,
        1,
        0,
        0,
        0,
        0,
        null,
        null,
        null
      ]
    },
    "timestamp": 1427493050
  }
}
